<?xml version="1.0" encoding="UTF-8"?>
<!-- Generated by org.testng.reporters.JUnitReportReporter -->
<testsuite skipped="0" hostname="INHYNMPULIRAJA1" name="Maven_Group1.Introduction_Of_Maven_Test" tests="2" failures="0" timestamp="23 Feb 2019 12:06:54 GMT" time="0.006" errors="0">
  <testcase name="Day1" time="0.006" classname="Maven_Group1.Introduction_Of_Maven_Test"/>
  <testcase name="Day2" time="0.000" classname="Maven_Group1.Introduction_Of_Maven_Test"/>
</testsuite> <!-- Maven_Group1.Introduction_Of_Maven_Test -->
