<?xml version="1.0" encoding="UTF-8"?>
<!-- Generated by org.testng.reporters.JUnitReportReporter -->
<testsuite skipped="0" hostname="INHYNMPULIRAJA1" name="Maven_Group1.Interviews_Test" tests="2" failures="0" timestamp="23 Feb 2019 12:07:35 GMT" time="0.015" errors="0">
  <testcase name="Google" time="0.015" classname="Maven_Group1.Interviews_Test"/>
  <testcase name="Yahoo" time="0.000" classname="Maven_Group1.Interviews_Test"/>
</testsuite> <!-- Maven_Group1.Interviews_Test -->
